{
  "stats": {
    "suites": 1,
    "tests": 2,
    "passes": 0,
    "pending": 0,
    "failures": 2,
    "start": "2024-08-18T09:35:37.847Z",
    "end": "2024-08-18T09:39:58.652Z",
    "duration": 260805,
    "testsRegistered": 2,
    "passPercent": 0,
    "pendingPercent": 0,
    "other": 0,
    "hasOther": false,
    "skipped": 0,
    "hasSkipped": false
  },
  "results": [
    {
      "uuid": "b1293905-bf43-47bd-8f26-ebdc60ca55a1",
      "title": "",
      "fullFile": "cypress\\e2e\\reportMissingPet.spec.cy.js",
      "file": "cypress\\e2e\\reportMissingPet.spec.cy.js",
      "beforeHooks": [],
      "afterHooks": [],
      "tests": [],
      "suites": [
        {
          "uuid": "700e4053-3ca0-4764-850f-b341046a456b",
          "title": "Report Missing Pet Test Suite",
          "fullFile": "",
          "file": "",
          "beforeHooks": [],
          "afterHooks": [],
          "tests": [
            {
              "title": "should log in, navigate to Report Missing Pet, fill out the form, submit, and verify on map",
              "fullTitle": "Report Missing Pet Test Suite should log in, navigate to Report Missing Pet, fill out the form, submit, and verify on map",
              "timedOut": null,
              "duration": 141581,
              "state": "failed",
              "speed": null,
              "pass": false,
              "fail": true,
              "pending": false,
              "context": "{\n  \"title\": \"cypress-mochawesome-reporter-screenshots\",\n  \"value\": [\n    [\n      \"\\\\reportMissingPet.spec.cy.js\\\\Report Missing Pet Test Suite -- should log in, navigate to Report Missing Pet, fill out the form, submit, and verify on map (failed).png\"\n    ]\n  ]\n}",
              "code": "const petName = 'Maggy Wilder'; // Replace with an actual pet name from your test data\n// Step 1: Log in as Pet Owner\ncy.visit('/login'); // Adjust the login URL if necessary\ncy.get('input[name=\"email\"]').type('owner@gmail.com'); // Replace with valid email\ncy.get('input[name=\"password\"]').type('hotwheels5'); // Replace with valid password\ncy.get('button[type=\"submit\"]').click();\ncy.url().should('include', '/dashboard'); // Ensure user is redirected to the dashboard\n// Step 2: Navigate to the \"Report Missing Pet\" page\ncy.visit('/missing-pets/create'); // Directly navigate to the report missing pet form\ncy.url().should('include', '/missing-pets/create'); // Ensure correct navigation\n// Step 3: Fill out the form\ncy.get('select[name=\"pet_id\"]').select(petName); // Select pet by name\ncy.get('input[name=\"last_seen_location\"]').type('123 Pet Street, Pet City');\ncy.get('input[name=\"last_seen_date\"]').type('2024-08-18');\ncy.get('input[name=\"last_seen_time\"]').type('14:30');\ncy.get('textarea[name=\"distinguishing_features\"]').type('White fur with black spots, wearing a red collar');\n// Step 4: Upload a photo\nconst filePath = 'images/dog.jpg'; // Adjust the file path based on your test data\ncy.get('input[name=\"photo\"]').attachFile(filePath);\n// Step 5: Submit the form\ncy.get('button[type=\"submit\"]').click();\n// Step 6: Verify successful submission\ncy.url().should('include', '/missing-pets'); // Ensure user is redirected to the missing pets index\ncy.contains('Your missing pet report has been submitted successfully').should('exist'); // Check for success message\n// Step 7: Navigate to the Missing Pets Map and verify the pet is displayed\ncy.visit('/missing-pets/map'); // Navigate to the missing pets map\ncy.url().should('include', '/missing-pets/map'); // Ensure correct navigation\n// Step 8: Verify the reported pet appears on the map\ncy.contains('.leaflet-marker-icon', petName).should('exist'); // Adjust the selector based on the map's implementation",
              "err": {
                "message": "AssertionError: Timed out retrying after 100000ms: Expected to find content: 'Your missing pet report has been submitted successfully' but never did.",
                "estack": "AssertionError: Timed out retrying after 100000ms: Expected to find content: 'Your missing pet report has been submitted successfully' but never did.\n    at Context.eval (webpack://petfinity-cc01/./cypress/e2e/reportMissingPet.spec.cy.js:33:79)",
                "diff": null
              },
              "uuid": "117c5908-a655-42b0-9722-48c4b958a5ee",
              "parentUUID": "700e4053-3ca0-4764-850f-b341046a456b",
              "isHook": false,
              "skipped": false
            },
            {
              "title": "should log in, navigate to the found reports and submit a found report",
              "fullTitle": "Report Missing Pet Test Suite should log in, navigate to the found reports and submit a found report",
              "timedOut": null,
              "duration": 118912,
              "state": "failed",
              "speed": null,
              "pass": false,
              "fail": true,
              "pending": false,
              "context": "{\n  \"title\": \"cypress-mochawesome-reporter-screenshots\",\n  \"value\": [\n    [\n      \"\\\\reportMissingPet.spec.cy.js\\\\Report Missing Pet Test Suite -- should log in, navigate to the found reports and submit a found report (failed).png\"\n    ]\n  ]\n}",
              "code": "const missingPetId = 1; // Replace with the actual missing pet ID for the test\n// Step 1: Log in as Pet Owner\ncy.visit('/login'); // Adjust the login URL if necessary\ncy.get('input[name=\"email\"]').type('owner@gmail.com'); // Replace with valid email\ncy.get('input[name=\"password\"]').type('securepassword'); // Replace with valid password\ncy.get('button[type=\"submit\"]').click();\ncy.url().should('include', '/dashboard'); // Ensure user is redirected to the dashboard\n// Step 2: Navigate to the \"Create Found Report\" page\ncy.visit(`/found-reports/create/${missingPetId}`); // Navigate to the create found report page\ncy.url().should('include', `/found-reports/create/${missingPetId}`); // Ensure correct navigation\n// Step 3: Fill out the found report form\ncy.get('textarea[name=\"sighting_description\"]').type('Spotted the pet near the park, looks healthy.');\n// Step 4: Upload a photo of the sighting\nconst filePath = 'images/found_pet_photo.jpg'; // Adjust the file path based on your test data\ncy.get('input[name=\"photo\"]').attachFile(filePath);\n// Step 5: Submit the found report\ncy.get('button[type=\"submit\"]').click();\n// Step 6: Verify successful submission\ncy.url().should('include', '/missing-pets'); // Ensure user is redirected to the found reports index\n// cy.contains('Your found report has been submitted successfully').should('exist'); // Check for success message",
              "err": {
                "message": "AssertionError: Timed out retrying after 100000ms: expected 'http://127.0.0.1:8000/login' to include '/dashboard'",
                "estack": "AssertionError: Timed out retrying after 100000ms: expected 'http://127.0.0.1:8000/login' to include '/dashboard'\n    at Context.eval (webpack://petfinity-cc01/./cypress/e2e/reportMissingPet.spec.cy.js:51:17)",
                "diff": null
              },
              "uuid": "c1e6c432-a618-4be8-8a84-d0d470fffeef",
              "parentUUID": "700e4053-3ca0-4764-850f-b341046a456b",
              "isHook": false,
              "skipped": false
            }
          ],
          "suites": [],
          "passes": [],
          "failures": [
            "117c5908-a655-42b0-9722-48c4b958a5ee",
            "c1e6c432-a618-4be8-8a84-d0d470fffeef"
          ],
          "pending": [],
          "skipped": [],
          "duration": 260493,
          "root": false,
          "rootEmpty": false,
          "_timeout": 2000
        }
      ],
      "passes": [],
      "failures": [],
      "pending": [],
      "skipped": [],
      "duration": 0,
      "root": true,
      "rootEmpty": true,
      "_timeout": 2000
    }
  ],
  "meta": {
    "mocha": {
      "version": "7.0.1"
    },
    "mochawesome": {
      "options": {
        "quiet": false,
        "reportFilename": "mochawesome",
        "saveHtml": false,
        "saveJson": true,
        "consoleReporter": "spec",
        "useInlineDiffs": false,
        "code": true
      },
      "version": "7.1.3"
    },
    "marge": {
      "options": {
        "charts": true,
        "reportPageTitle": "PetFinity-cc01",
        "embededScreenshots": true,
        "inlineAssets": true,
        "saveAllAttempts": false,
        "overwrite": false,
        "html": false,
        "json": true,
        "reportDir": "cypress\\reports\\html\\.jsons"
      },
      "version": "6.2.0"
    }
  }
}