{
  "stats": {
    "suites": 1,
    "tests": 1,
    "passes": 1,
    "pending": 0,
    "failures": 0,
    "start": "2024-08-18T09:34:50.882Z",
    "end": "2024-08-18T09:35:31.972Z",
    "duration": 41090,
    "testsRegistered": 1,
    "passPercent": 100,
    "pendingPercent": 0,
    "other": 0,
    "hasOther": false,
    "skipped": 0,
    "hasSkipped": false
  },
  "results": [
    {
      "uuid": "f97c2fff-0af5-44b5-96b9-341425283dc0",
      "title": "",
      "fullFile": "cypress\\e2e\\markActivityLogOfPet.spec.cy.js",
      "file": "cypress\\e2e\\markActivityLogOfPet.spec.cy.js",
      "beforeHooks": [],
      "afterHooks": [],
      "tests": [],
      "suites": [
        {
          "uuid": "5adc08d0-907d-4f39-8ad9-50de479f476e",
          "title": "Boarding Center Manage Tasks Test Suite",
          "fullFile": "",
          "file": "",
          "beforeHooks": [],
          "afterHooks": [],
          "tests": [
            {
              "title": "should log in, navigate to Manage Tasks, select a pet, and verify tasks are added to the Completed Tasks section",
              "fullTitle": "Boarding Center Manage Tasks Test Suite should log in, navigate to Manage Tasks, select a pet, and verify tasks are added to the Completed Tasks section",
              "timedOut": null,
              "duration": 40963,
              "state": "passed",
              "speed": "slow",
              "pass": true,
              "fail": false,
              "pending": false,
              "context": null,
              "code": "const petName = 'Amaya Goodman'; // Replace with an actual pet name from your test data\n// Step 1: Log in as Boarding Center\ncy.visit('/login'); // Adjust the login URL if necessary\ncy.get('input[name=\"email\"]').type('boarding@gmail.com'); // Replace with valid email\ncy.get('input[name=\"password\"]').type('hotwheels5'); // Replace with valid password\ncy.get('button[type=\"submit\"]').click();\ncy.url().should('include', '/dashboard'); // Ensure user is redirected to the dashboard\n// Step 2: Click on \"Manage Tasks\" Button\ncy.get('a.btn.btn-primary').contains('Manage Tasks').click();\ncy.url().should('include', '/boarding-center/managetasks'); // Ensure correct page\n// Step 3: Select the Pet's Manage Tasks\ncy.get('h4').contains(petName).parents('li').find('a').contains('Manage Tasks').click();\ncy.url().should('include', '/boarding-center/managetasks/'); // Ensure correct navigation\n// Step 4: Mark Tasks as Completed and Verify in Completed Tasks Section\n// cy.get('.task-list-group-item').each(($taskItem) => {\n//     // Capture the task name for later verification\n//     cy.wrap($taskItem).find('.form-check-label').invoke('text').then((taskName) => {\n//         taskName = taskName.trim();\n//         // Check the task\n//         cy.wrap($taskItem).find('.form-check-input').check();\n//         // Optionally add a note\n//         cy.wrap($taskItem).find('textarea[name=\"notes\"]').type('Task completed successfully');\n//         // Submit the task completion\n//         cy.wrap($taskItem).find('button[type=\"submit\"]').click();\n//         // Verify that the task appears in the \"Completed Tasks\" section\n//         cy.get('.completed-card').within(() => {\n//             cy.contains('.completed-list-group-item', taskName).should('exist');\n//         });\n//     });\n// });",
              "err": {},
              "uuid": "320dd8a0-f4f6-41ec-bf20-32797f1138cb",
              "parentUUID": "5adc08d0-907d-4f39-8ad9-50de479f476e",
              "isHook": false,
              "skipped": false
            }
          ],
          "suites": [],
          "passes": [
            "320dd8a0-f4f6-41ec-bf20-32797f1138cb"
          ],
          "failures": [],
          "pending": [],
          "skipped": [],
          "duration": 40963,
          "root": false,
          "rootEmpty": false,
          "_timeout": 2000
        }
      ],
      "passes": [],
      "failures": [],
      "pending": [],
      "skipped": [],
      "duration": 0,
      "root": true,
      "rootEmpty": true,
      "_timeout": 2000
    }
  ],
  "meta": {
    "mocha": {
      "version": "7.0.1"
    },
    "mochawesome": {
      "options": {
        "quiet": false,
        "reportFilename": "mochawesome",
        "saveHtml": false,
        "saveJson": true,
        "consoleReporter": "spec",
        "useInlineDiffs": false,
        "code": true
      },
      "version": "7.1.3"
    },
    "marge": {
      "options": {
        "charts": true,
        "reportPageTitle": "PetFinity-cc01",
        "embededScreenshots": true,
        "inlineAssets": true,
        "saveAllAttempts": false,
        "overwrite": false,
        "html": false,
        "json": true,
        "reportDir": "cypress\\reports\\html\\.jsons"
      },
      "version": "6.2.0"
    }
  }
}