{
  "stats": {
    "suites": 1,
    "tests": 1,
    "passes": 1,
    "pending": 0,
    "failures": 0,
    "start": "2024-08-18T12:14:26.346Z",
    "end": "2024-08-18T12:15:29.892Z",
    "duration": 63546,
    "testsRegistered": 1,
    "passPercent": 100,
    "pendingPercent": 0,
    "other": 0,
    "hasOther": false,
    "skipped": 0,
    "hasSkipped": false
  },
  "results": [
    {
      "uuid": "c7c8cf3d-f9c3-4fba-8a8a-a618c7f3a542",
      "title": "",
      "fullFile": "cypress\\e2e\\viewMissingPets.spec.cy.js",
      "file": "cypress\\e2e\\viewMissingPets.spec.cy.js",
      "beforeHooks": [],
      "afterHooks": [],
      "tests": [],
      "suites": [
        {
          "uuid": "32f27d64-ac8e-4c49-9720-3af94fa77149",
          "title": "Missing Pets Test Suite",
          "fullFile": "",
          "file": "",
          "beforeHooks": [],
          "afterHooks": [],
          "tests": [
            {
              "title": "should log in, view missing pets, select a pet, and report a sighting",
              "fullTitle": "Missing Pets Test Suite should log in, view missing pets, select a pet, and report a sighting",
              "timedOut": null,
              "duration": 63501,
              "state": "passed",
              "speed": "slow",
              "pass": true,
              "fail": false,
              "pending": false,
              "context": null,
              "code": "const email = 'aaqilah@gmail.com';\nconst password = 'aaqilah123';\nconst missingPetName = 'coco';\n// Step 1: Log in\ncy.visit('/login');\ncy.get('input[name=\"email\"]').type(email);\ncy.get('input[name=\"password\"]').type(password);\ncy.get('button[type=\"submit\"]').click();\ncy.url().should('include', '/dashboard');\n// Step 2: Click on \"View Missing Pets\" Button\ncy.get('.lost-found-card').contains('View Missing Pets').parent().find('a.btn').click();\ncy.url().should('include', '/missing-pets');\n// Step 3: Select a Specific Missing Pet\ncy.contains('.card-title', missingPetName).parents('.card').within(() => {\n  cy.contains('a.btn-primary', 'Report Sighting').click();\n});\ncy.url().should('include', `/found-reports/create`);\n// Step 4: Enter Details to Report a Sighting\ncy.get('input[name=\"location\"]').type('Central Park');\ncy.get('textarea[name=\"description\"]').type('Spotted near the fountain.');\ncy.get('input[type=\"file\"]').attachFile('images/dog.jpg');\n// Step 5: Submit the Report\ncy.get('button[type=\"submit\"]').click();\n// Step 6: Verify the Sighting Report is Submitted and Displayed\ncy.url().should('not.include', '/found-reports/create');\n// cy.contains('.alert-success', 'Sighting reported successfully').should('be.visible');\n// Verify that the reported sighting is listed under the reported sightings\ncy.contains('Reported Sightings').should('be.visible');\n// cy.contains('.sighting-card', missingPetName).within(() => {\n//     cy.contains('Central Park').should('exist');\n//     cy.contains('Spotted near the fountain.').should('exist');\n//     cy.get('img').should('be.visible'); \n// });",
              "err": {},
              "uuid": "1bb51b6e-c555-4bf7-ad36-0b625f8425f0",
              "parentUUID": "32f27d64-ac8e-4c49-9720-3af94fa77149",
              "isHook": false,
              "skipped": false
            }
          ],
          "suites": [],
          "passes": [
            "1bb51b6e-c555-4bf7-ad36-0b625f8425f0"
          ],
          "failures": [],
          "pending": [],
          "skipped": [],
          "duration": 63501,
          "root": false,
          "rootEmpty": false,
          "_timeout": 2000
        }
      ],
      "passes": [],
      "failures": [],
      "pending": [],
      "skipped": [],
      "duration": 0,
      "root": true,
      "rootEmpty": true,
      "_timeout": 2000
    }
  ],
  "meta": {
    "mocha": {
      "version": "7.0.1"
    },
    "mochawesome": {
      "options": {
        "quiet": false,
        "reportFilename": "mochawesome",
        "saveHtml": true,
        "saveJson": true,
        "consoleReporter": "spec",
        "useInlineDiffs": false,
        "code": true
      },
      "version": "7.1.3"
    },
    "marge": {
      "options": {
        "charts": true,
        "reportPageTitle": "PetFinity-cc01",
        "embededScreenshots": true,
        "inlineAssets": true,
        "saveAllAttempts": false
      },
      "version": "6.2.0"
    }
  }
}